<?xml version="1.0" encoding="UTF-8"?>
<testng-results ignored="0" total="1" passed="1" failed="0" skipped="0">
  <reporter-output>
  </reporter-output>
  <suite started-at="2023-12-21T11:50:27 IST" name="Suite" finished-at="2023-12-21T11:50:35 IST" duration-ms="7698">
    <groups>
    </groups>
    <test started-at="2023-12-21T11:50:27 IST" name="Test" finished-at="2023-12-21T11:50:35 IST" duration-ms="7698">
      <class name="Badri1623.Badri1623.DemosetUp">
        <test-method signature="setUp()[pri:0, instance:Badri1623.Badri1623.DemosetUp@506ae4d4]" started-at="2023-12-21T11:50:27 IST" name="setUp" finished-at="2023-12-21T11:50:35 IST" duration-ms="7651" status="PASS">
          <reporter-output>
          </reporter-output>
        </test-method> <!-- setUp -->
      </class> <!-- Badri1623.Badri1623.DemosetUp -->
    </test> <!-- Test -->
  </suite> <!-- Suite -->
</testng-results>
